# JRE version: Java(TM) SE Runtime Environment (21.0.3+7) (build 21.0.3+7-LTS-152)
# Java VM: Java HotSpot(TM) 64-Bit Server VM (21.0.3+7-LTS-152, mixed mode, sharing, tiered, compressed oops, compressed class ptrs, g1 gc, windows-amd64)
GC Precious Log:
 CardTable entry size: 512
 Card Set container configuration: InlinePtr #cards 4 size 8 Array Of Cards #cards 16 size 48 Howl #buckets 8 coarsen threshold 3686 Howl Bitmap #cards 512 size 80 coarsen threshold 460 Card regions per heap region 1 cards per card region 4096
 CPUs: 12 total, 12 available
 Memory: 15664M
 Large Page Support: Disabled
 NUMA Support: Disabled
 Compressed Oops: Enabled (Zero based)
 Heap Region Size: 2M
 Heap Min Capacity: 8M
 Heap Initial Capacity: 246M
 Heap Max Capacity: 3918M
 Pre-touch: Disabled
 Parallel Workers: 10
 Concurrent Workers: 3
 Concurrent Refinement Workers: 10
 Periodic GC: Disabled
Heap:
 garbage-first heap   total 73728K, used 36153K [0x000000070b200000, 0x0000000800000000)
  region size 2048K, 7 young (14336K), 3 survivors (6144K)
 Metaspace       used 66704K, committed 67392K, reserved 1114112K
  class space    used 9072K, committed 9408K, reserved 1048576K
GC Heap History (20 events):
Event: 0.411 GC heap before
{Heap before GC invocations=0 (full 0):
 garbage-first heap   total 251904K, used 20480K [0x000000070b200000, 0x0000000800000000)
  region size 2048K, 11 young (22528K), 0 survivors (0K)
 Metaspace       used 5021K, committed 5312K, reserved 1114112K
  class space    used 560K, committed 704K, reserved 1048576K
}
Event: 0.414 GC heap after
{Heap after GC invocations=1 (full 0):
 garbage-first heap   total 251904K, used 6437K [0x000000070b200000, 0x0000000800000000)
  region size 2048K, 2 young (4096K), 2 survivors (4096K)
 Metaspace       used 5021K, committed 5312K, reserved 1114112K
  class space    used 560K, committed 704K, reserved 1048576K
}
Event: 0.743 GC heap before
{Heap before GC invocations=1 (full 0):
 garbage-first heap   total 251904K, used 33061K [0x000000070b200000, 0x0000000800000000)
  region size 2048K, 16 young (32768K), 2 survivors (4096K)
 Metaspace       used 12692K, committed 12928K, reserved 1114112K
  class space    used 1495K, committed 1600K, reserved 1048576K
}
Event: 0.745 GC heap after
{Heap after GC invocations=2 (full 0):
 garbage-first heap   total 251904K, used 9527K [0x000000070b200000, 0x0000000800000000)
  region size 2048K, 2 young (4096K), 2 survivors (4096K)
 Metaspace       used 12692K, committed 12928K, reserved 1114112K
  class space    used 1495K, committed 1600K, reserved 1048576K
}
Event: 1.254 GC heap before
{Heap before GC invocations=2 (full 0):
 garbage-first heap   total 251904K, used 58679K [0x000000070b200000, 0x0000000800000000)
  region size 2048K, 28 young (57344K), 2 survivors (4096K)
 Metaspace       used 21239K, committed 21504K, reserved 1114112K
  class space    used 2554K, committed 2688K, reserved 1048576K
}
Event: 1.257 GC heap after
{Heap after GC invocations=3 (full 0):
 garbage-first heap   total 251904K, used 13667K [0x000000070b200000, 0x0000000800000000)
  region size 2048K, 4 young (8192K), 4 survivors (8192K)
 Metaspace       used 21239K, committed 21504K, reserved 1114112K
  class space    used 2554K, committed 2688K, reserved 1048576K
}
Event: 1.905 GC heap before
{Heap before GC invocations=4 (full 0):
 garbage-first heap   total 61440K, used 58723K [0x000000070b200000, 0x0000000800000000)
  region size 2048K, 26 young (53248K), 4 survivors (8192K)
 Metaspace       used 28993K, committed 29504K, reserved 1114112K
  class space    used 3629K, committed 3840K, reserved 1048576K
}
Event: 1.910 GC heap after
{Heap after GC invocations=5 (full 0):
 garbage-first heap   total 73728K, used 18462K [0x000000070b200000, 0x0000000800000000)
  region size 2048K, 6 young (12288K), 6 survivors (12288K)
 Metaspace       used 28993K, committed 29504K, reserved 1114112K
  class space    used 3629K, committed 3840K, reserved 1048576K
}
Event: 2.286 GC heap before
{Heap before GC invocations=5 (full 0):
 garbage-first heap   total 73728K, used 47134K [0x000000070b200000, 0x0000000800000000)
  region size 2048K, 21 young (43008K), 6 survivors (12288K)
 Metaspace       used 35447K, committed 35968K, reserved 1114112K
  class space    used 4402K, committed 4672K, reserved 1048576K
}
Event: 2.290 GC heap after
{Heap after GC invocations=6 (full 0):
 garbage-first heap   total 73728K, used 20275K [0x000000070b200000, 0x0000000800000000)
  region size 2048K, 2 young (4096K), 2 survivors (4096K)
 Metaspace       used 35447K, committed 35968K, reserved 1114112K
  class space    used 4402K, committed 4672K, reserved 1048576K
}
Event: 2.308 GC heap before
{Heap before GC invocations=6 (full 0):
 garbage-first heap   total 73728K, used 20275K [0x000000070b200000, 0x0000000800000000)
  region size 2048K, 3 young (6144K), 2 survivors (4096K)
 Metaspace       used 35817K, committed 36288K, reserved 1114112K
  class space    used 4451K, committed 4672K, reserved 1048576K
}
Event: 2.310 GC heap after
{Heap after GC invocations=7 (full 0):
 garbage-first heap   total 73728K, used 20091K [0x000000070b200000, 0x0000000800000000)
  region size 2048K, 2 young (4096K), 2 survivors (4096K)
 Metaspace       used 35817K, committed 36288K, reserved 1114112K
  class space    used 4451K, committed 4672K, reserved 1048576K
}
Event: 2.792 GC heap before
{Heap before GC invocations=8 (full 0):
 garbage-first heap   total 73728K, used 56955K [0x000000070b200000, 0x0000000800000000)
  region size 2048K, 20 young (40960K), 2 survivors (4096K)
 Metaspace       used 45669K, committed 46208K, reserved 1114112K
  class space    used 5926K, committed 6208K, reserved 1048576K
}
Event: 2.794 GC heap after
{Heap after GC invocations=9 (full 0):
 garbage-first heap   total 73728K, used 22277K [0x000000070b200000, 0x0000000800000000)
  region size 2048K, 3 young (6144K), 3 survivors (6144K)
 Metaspace       used 45669K, committed 46208K, reserved 1114112K
  class space    used 5926K, committed 6208K, reserved 1048576K
}
Event: 3.245 GC heap before
{Heap before GC invocations=9 (full 0):
 garbage-first heap   total 73728K, used 57093K [0x000000070b200000, 0x0000000800000000)
  region size 2048K, 21 young (43008K), 3 survivors (6144K)
 Metaspace       used 56639K, committed 57280K, reserved 1114112K
  class space    used 7579K, committed 7872K, reserved 1048576K
}
Event: 3.248 GC heap after
{Heap after GC invocations=10 (full 0):
 garbage-first heap   total 73728K, used 24644K [0x000000070b200000, 0x0000000800000000)
  region size 2048K, 3 young (6144K), 3 survivors (6144K)
 Metaspace       used 56639K, committed 57280K, reserved 1114112K
  class space    used 7579K, committed 7872K, reserved 1048576K
}
Event: 3.502 GC heap before
{Heap before GC invocations=10 (full 0):
 garbage-first heap   total 73728K, used 41028K [0x000000070b200000, 0x0000000800000000)
  region size 2048K, 12 young (24576K), 3 survivors (6144K)
 Metaspace       used 60176K, committed 60800K, reserved 1114112K
  class space    used 8077K, committed 8384K, reserved 1048576K
}
Event: 3.505 GC heap after
{Heap after GC invocations=11 (full 0):
 garbage-first heap   total 73728K, used 26322K [0x000000070b200000, 0x0000000800000000)
  region size 2048K, 2 young (4096K), 2 survivors (4096K)
 Metaspace       used 60176K, committed 60800K, reserved 1114112K
  class space    used 8077K, committed 8384K, reserved 1048576K
}
Event: 7.486 GC heap before
{Heap before GC invocations=12 (full 0):
 garbage-first heap   total 73728K, used 61138K [0x000000070b200000, 0x0000000800000000)
  region size 2048K, 20 young (40960K), 2 survivors (4096K)
 Metaspace       used 65052K, committed 65728K, reserved 1114112K
  class space    used 8835K, committed 9152K, reserved 1048576K
}
Event: 7.489 GC heap after
{Heap after GC invocations=13 (full 0):
 garbage-first heap   total 73728K, used 30009K [0x000000070b200000, 0x0000000800000000)
  region size 2048K, 3 young (6144K), 3 survivors (6144K)
 Metaspace       used 65052K, committed 65728K, reserved 1114112K
  class space    used 8835K, committed 9152K, reserved 1048576K
}

